{"priority": "major", "kind": "bug", "repository": {"links": {"self": {"href": "data/repositories/osrf/vrx.json"}, "html": {"href": "#!/osrf/vrx"}, "avatar": {"href": "data/bytebucket.org/ravatar/{e278ca38-7edb-4e62-b785-46dff5617d98}ts=2274605"}}, "type": "repository", "name": "vrx", "full_name": "osrf/vrx", "uuid": "{e278ca38-7edb-4e62-b785-46dff5617d98}"}, "links": {"attachments": {"href": "data/repositories/osrf/vrx/issues/38/attachments_page=1.json"}, "self": {"href": "data/repositories/osrf/vrx/issues/38.json"}, "watch": {"href": "https://api.bitbucket.org/2.0/repositories/osrf/vrx/issues/38/watch"}, "comments": {"href": "data/repositories/osrf/vrx/issues/38/comments_page=1.json"}, "html": {"href": "#!/osrf/vrx/issues/38/initial-catkin_make-fails-during-system"}, "vote": {"href": "https://api.bitbucket.org/2.0/repositories/osrf/vrx/issues/38/vote"}}, "reporter": {"display_name": "Michael McCarrin", "uuid": "{3c3f500d-bbf6-472c-b8f7-627e5eabc226}", "links": {"self": {"href": "https://api.bitbucket.org/2.0/users/%7B3c3f500d-bbf6-472c-b8f7-627e5eabc226%7D"}, "html": {"href": "https://bitbucket.org/%7B3c3f500d-bbf6-472c-b8f7-627e5eabc226%7D/"}, "avatar": {"href": "data/secure.gravatar.com/avatar/a50abc93a3175f92c79e7521dfe089c0d=httpsavatar-management--avatars.us-west-2.prod.public.atl-paas.netinitialsMM-0.png"}}, "nickname": "m1chaelm", "type": "user", "account_id": "5b2a9176467c9a09caa71ab1"}, "title": "initial catkin_make fails during system install", "component": null, "votes": 0, "watches": 1, "content": {"raw": "In the System Install tutorial for installing files to host, the catkin_make command fails with the message:\r\n\r\n In file included from /home/user/vmrc_ws/src/vmrc/usv_gazebo_plugins/src/usv_gazebo_wind_plugin.cc:27:\r\n/usr/include/gazebo-7/gazebo/common/Plugin.hh:42:22: fatal error: sdf/sdf.hh: No such file or directory\r\ncompilation terminated.\r\n\r\nIt's possible that this was caused by conflict with a previous ROS install, but I'm not sure.\r\n\r\nThe full output is as follows:\r\nBase path: /home/user/vmrc_ws\r\nSource space: /home/user/vmrc_ws/src\r\nBuild space: /home/user/vmrc_ws/build\r\nDevel space: /home/user/vmrc_ws/devel\r\nInstall space: /home/user/vmrc_ws/install\r\n####\r\n#### Running command: \"make cmake_check_build_system\" in \"/home/user/vmrc_ws/build\"\r\n####\r\n####\r\n#### Running command: \"make -j4 -l4\" in \"/home/user/vmrc_ws/build\"\r\n####\r\n[  4%] Building CXX object vmrc/usv_gazebo_plugins/CMakeFiles/usv_gazebo_wind_plugin.dir/src/usv_gazebo_wind_plugin.cc.o\r\n[  4%] Building CXX object vmrc/usv_gazebo_plugins/CMakeFiles/buoyancy_gazebo_plugin.dir/src/buoyancy_gazebo_plugin.cc.o\r\n[  7%] Building CXX object vmrc/usv_gazebo_plugins/CMakeFiles/usv_gazebo_dynamics_plugin.dir/src/usv_gazebo_dynamics_plugin.cc.o\r\n[  9%] Building CXX object vmrc/usv_gazebo_plugins/CMakeFiles/usv_gazebo_thrust_plugin.dir/src/usv_gazebo_thrust_plugin.cc.o\r\nIn file included from /home/user/vmrc_ws/src/vmrc/usv_gazebo_plugins/src/buoyancy_gazebo_plugin.cc:21:0:\r\n/usr/include/gazebo-7/gazebo/common/Events.hh:21:22: fatal error: sdf/sdf.hh: No such file or directory\r\ncompilation terminated.\r\nvmrc/usv_gazebo_plugins/CMakeFiles/buoyancy_gazebo_plugin.dir/build.make:62: recipe for target 'vmrc/usv_gazebo_plugins/CMakeFiles/buoyancy_gazebo_plugin.dir/src/buoyancy_gazebo_plugin.cc.o' failed\r\nmake[2]: *** [vmrc/usv_gazebo_plugins/CMakeFiles/buoyancy_gazebo_plugin.dir/src/buoyancy_gazebo_plugin.cc.o] Error 1\r\nCMakeFiles/Makefile2:785: recipe for target 'vmrc/usv_gazebo_plugins/CMakeFiles/buoyancy_gazebo_plugin.dir/all' failed\r\nmake[1]: *** [vmrc/usv_gazebo_plugins/CMakeFiles/buoyancy_gazebo_plugin.dir/all] Error 2\r\nmake[1]: *** Waiting for unfinished jobs....\r\nIn file included from /home/user/vmrc_ws/src/vmrc/usv_gazebo_plugins/include/usv_gazebo_plugins/usv_gazebo_wind_plugin.hh:28:0,\r\n                 from /home/user/vmrc_ws/src/vmrc/usv_gazebo_plugins/src/usv_gazebo_wind_plugin.cc:27:\r\n/usr/include/gazebo-7/gazebo/common/Plugin.hh:42:22: fatal error: sdf/sdf.hh: No such file or directory\r\ncompilation terminated.\r\nvmrc/usv_gazebo_plugins/CMakeFiles/usv_gazebo_wind_plugin.dir/build.make:62: recipe for target 'vmrc/usv_gazebo_plugins/CMakeFiles/usv_gazebo_wind_plugin.dir/src/usv_gazebo_wind_plugin.cc.o' failed\r\nmake[2]: *** [vmrc/usv_gazebo_plugins/CMakeFiles/usv_gazebo_wind_plugin.dir/src/usv_gazebo_wind_plugin.cc.o] Error 1\r\nCMakeFiles/Makefile2:822: recipe for target 'vmrc/usv_gazebo_plugins/CMakeFiles/usv_gazebo_wind_plugin.dir/all' failed\r\nmake[1]: *** [vmrc/usv_gazebo_plugins/CMakeFiles/usv_gazebo_wind_plugin.dir/all] Error 2\r\nIn file included from /home/user/vmrc_ws/src/vmrc/usv_gazebo_plugins/include/usv_gazebo_plugins/usv_gazebo_thrust_plugin.hh:35:0,\r\n                 from /home/user/vmrc_ws/src/vmrc/usv_gazebo_plugins/src/usv_gazebo_thrust_plugin.cc:28:\r\n/usr/include/gazebo-7/gazebo/common/Plugin.hh:42:22: fatal error: sdf/sdf.hh: No such file or directory\r\ncompilation terminated.\r\nvmrc/usv_gazebo_plugins/CMakeFiles/usv_gazebo_thrust_plugin.dir/build.make:62: recipe for target 'vmrc/usv_gazebo_plugins/CMakeFiles/usv_gazebo_thrust_plugin.dir/src/usv_gazebo_thrust_plugin.cc.o' failed\r\nmake[2]: *** [vmrc/usv_gazebo_plugins/CMakeFiles/usv_gazebo_thrust_plugin.dir/src/usv_gazebo_thrust_plugin.cc.o] Error 1\r\nCMakeFiles/Makefile2:891: recipe for target 'vmrc/usv_gazebo_plugins/CMakeFiles/usv_gazebo_thrust_plugin.dir/all' failed\r\nmake[1]: *** [vmrc/usv_gazebo_plugins/CMakeFiles/usv_gazebo_thrust_plugin.dir/all] Error 2\r\nIn file included from /usr/include/gazebo-7/gazebo/common/common.hh:8:0,\r\n                 from /home/user/vmrc_ws/src/vmrc/usv_gazebo_plugins/include/usv_gazebo_plugins/usv_gazebo_dynamics_plugin.hh:31,\r\n                 from /home/user/vmrc_ws/src/vmrc/usv_gazebo_plugins/src/usv_gazebo_dynamics_plugin.cc:32:\r\n/usr/include/gazebo-7/gazebo/common/Battery.hh:25:22: fatal error: sdf/sdf.hh: No such file or directory\r\ncompilation terminated.\r\nvmrc/usv_gazebo_plugins/CMakeFiles/usv_gazebo_dynamics_plugin.dir/build.make:62: recipe for target 'vmrc/usv_gazebo_plugins/CMakeFiles/usv_gazebo_dynamics_plugin.dir/src/usv_gazebo_dynamics_plugin.cc.o' failed\r\nmake[2]: *** [vmrc/usv_gazebo_plugins/CMakeFiles/usv_gazebo_dynamics_plugin.dir/src/usv_gazebo_dynamics_plugin.cc.o] Error 1\r\nCMakeFiles/Makefile2:1024: recipe for target 'vmrc/usv_gazebo_plugins/CMakeFiles/usv_gazebo_dynamics_plugin.dir/all' failed\r\nmake[1]: *** [vmrc/usv_gazebo_plugins/CMakeFiles/usv_gazebo_dynamics_plugin.dir/all] Error 2\r\nMakefile:138: recipe for target 'all' failed\r\nmake: *** [all] Error 2\r\nInvoking \"make -j4 -l4\" failed", "markup": "markdown", "html": "<p>In the System Install tutorial for installing files to host, the catkin_make command fails with the message:</p>\n<p>In file included from /home/user/vmrc_ws/src/vmrc/usv_gazebo_plugins/src/usv_gazebo_wind_plugin.cc:27:\n/usr/include/gazebo-7/gazebo/common/Plugin.hh:42:22: fatal error: sdf/sdf.hh: No such file or directory\ncompilation terminated.</p>\n<p>It's possible that this was caused by conflict with a previous ROS install, but I'm not sure.</p>\n<p>The full output is as follows:\nBase path: /home/user/vmrc_ws\nSource space: /home/user/vmrc_ws/src\nBuild space: /home/user/vmrc_ws/build\nDevel space: /home/user/vmrc_ws/devel\nInstall space: /home/user/vmrc_ws/install</p>\n<h4 id=\"markdown-header-\"></h4>\n<h4 id=\"markdown-header-running-command-make-cmake_check_build_system-in-homeuservmrc_wsbuild\">Running command: \"make cmake_check_build_system\" in \"/home/user/vmrc_ws/build\"</h4>\n<h4 id=\"markdown-header-_1\"></h4>\n<h4 id=\"markdown-header-_2\"></h4>\n<h4 id=\"markdown-header-running-command-make-j4-l4-in-homeuservmrc_wsbuild\">Running command: \"make -j4 -l4\" in \"/home/user/vmrc_ws/build\"</h4>\n<h4 id=\"markdown-header-_3\"></h4>\n<p>[  4%] Building CXX object vmrc/usv_gazebo_plugins/CMakeFiles/usv_gazebo_wind_plugin.dir/src/usv_gazebo_wind_plugin.cc.o\n[  4%] Building CXX object vmrc/usv_gazebo_plugins/CMakeFiles/buoyancy_gazebo_plugin.dir/src/buoyancy_gazebo_plugin.cc.o\n[  7%] Building CXX object vmrc/usv_gazebo_plugins/CMakeFiles/usv_gazebo_dynamics_plugin.dir/src/usv_gazebo_dynamics_plugin.cc.o\n[  9%] Building CXX object vmrc/usv_gazebo_plugins/CMakeFiles/usv_gazebo_thrust_plugin.dir/src/usv_gazebo_thrust_plugin.cc.o\nIn file included from /home/user/vmrc_ws/src/vmrc/usv_gazebo_plugins/src/buoyancy_gazebo_plugin.cc:21:0:\n/usr/include/gazebo-7/gazebo/common/Events.hh:21:22: fatal error: sdf/sdf.hh: No such file or directory\ncompilation terminated.\nvmrc/usv_gazebo_plugins/CMakeFiles/buoyancy_gazebo_plugin.dir/build.make:62: recipe for target 'vmrc/usv_gazebo_plugins/CMakeFiles/buoyancy_gazebo_plugin.dir/src/buoyancy_gazebo_plugin.cc.o' failed\nmake[2]: <strong><em> [vmrc/usv_gazebo_plugins/CMakeFiles/buoyancy_gazebo_plugin.dir/src/buoyancy_gazebo_plugin.cc.o] Error 1\nCMakeFiles/Makefile2:785: recipe for target 'vmrc/usv_gazebo_plugins/CMakeFiles/buoyancy_gazebo_plugin.dir/all' failed\nmake[1]: </em></strong> [vmrc/usv_gazebo_plugins/CMakeFiles/buoyancy_gazebo_plugin.dir/all] Error 2\nmake[1]: <strong><em> Waiting for unfinished jobs....\nIn file included from /home/user/vmrc_ws/src/vmrc/usv_gazebo_plugins/include/usv_gazebo_plugins/usv_gazebo_wind_plugin.hh:28:0,\n                 from /home/user/vmrc_ws/src/vmrc/usv_gazebo_plugins/src/usv_gazebo_wind_plugin.cc:27:\n/usr/include/gazebo-7/gazebo/common/Plugin.hh:42:22: fatal error: sdf/sdf.hh: No such file or directory\ncompilation terminated.\nvmrc/usv_gazebo_plugins/CMakeFiles/usv_gazebo_wind_plugin.dir/build.make:62: recipe for target 'vmrc/usv_gazebo_plugins/CMakeFiles/usv_gazebo_wind_plugin.dir/src/usv_gazebo_wind_plugin.cc.o' failed\nmake[2]: </em></strong> [vmrc/usv_gazebo_plugins/CMakeFiles/usv_gazebo_wind_plugin.dir/src/usv_gazebo_wind_plugin.cc.o] Error 1\nCMakeFiles/Makefile2:822: recipe for target 'vmrc/usv_gazebo_plugins/CMakeFiles/usv_gazebo_wind_plugin.dir/all' failed\nmake[1]: <strong><em> [vmrc/usv_gazebo_plugins/CMakeFiles/usv_gazebo_wind_plugin.dir/all] Error 2\nIn file included from /home/user/vmrc_ws/src/vmrc/usv_gazebo_plugins/include/usv_gazebo_plugins/usv_gazebo_thrust_plugin.hh:35:0,\n                 from /home/user/vmrc_ws/src/vmrc/usv_gazebo_plugins/src/usv_gazebo_thrust_plugin.cc:28:\n/usr/include/gazebo-7/gazebo/common/Plugin.hh:42:22: fatal error: sdf/sdf.hh: No such file or directory\ncompilation terminated.\nvmrc/usv_gazebo_plugins/CMakeFiles/usv_gazebo_thrust_plugin.dir/build.make:62: recipe for target 'vmrc/usv_gazebo_plugins/CMakeFiles/usv_gazebo_thrust_plugin.dir/src/usv_gazebo_thrust_plugin.cc.o' failed\nmake[2]: </em></strong> [vmrc/usv_gazebo_plugins/CMakeFiles/usv_gazebo_thrust_plugin.dir/src/usv_gazebo_thrust_plugin.cc.o] Error 1\nCMakeFiles/Makefile2:891: recipe for target 'vmrc/usv_gazebo_plugins/CMakeFiles/usv_gazebo_thrust_plugin.dir/all' failed\nmake[1]: <strong><em> [vmrc/usv_gazebo_plugins/CMakeFiles/usv_gazebo_thrust_plugin.dir/all] Error 2\nIn file included from /usr/include/gazebo-7/gazebo/common/common.hh:8:0,\n                 from /home/user/vmrc_ws/src/vmrc/usv_gazebo_plugins/include/usv_gazebo_plugins/usv_gazebo_dynamics_plugin.hh:31,\n                 from /home/user/vmrc_ws/src/vmrc/usv_gazebo_plugins/src/usv_gazebo_dynamics_plugin.cc:32:\n/usr/include/gazebo-7/gazebo/common/Battery.hh:25:22: fatal error: sdf/sdf.hh: No such file or directory\ncompilation terminated.\nvmrc/usv_gazebo_plugins/CMakeFiles/usv_gazebo_dynamics_plugin.dir/build.make:62: recipe for target 'vmrc/usv_gazebo_plugins/CMakeFiles/usv_gazebo_dynamics_plugin.dir/src/usv_gazebo_dynamics_plugin.cc.o' failed\nmake[2]: </em></strong> [vmrc/usv_gazebo_plugins/CMakeFiles/usv_gazebo_dynamics_plugin.dir/src/usv_gazebo_dynamics_plugin.cc.o] Error 1\nCMakeFiles/Makefile2:1024: recipe for target 'vmrc/usv_gazebo_plugins/CMakeFiles/usv_gazebo_dynamics_plugin.dir/all' failed\nmake[1]: <strong><em> [vmrc/usv_gazebo_plugins/CMakeFiles/usv_gazebo_dynamics_plugin.dir/all] Error 2\nMakefile:138: recipe for target 'all' failed\nmake: </em></strong> [all] Error 2\nInvoking \"make -j4 -l4\" failed</p>", "type": "rendered"}, "assignee": null, "state": "resolved", "version": null, "edited_on": null, "created_on": "2018-08-25T02:43:04.536346+00:00", "milestone": {"name": "0.2", "links": {"self": {"href": "data/repositories/osrf/vrx/milestones/346015.json"}}}, "updated_on": "2018-08-25T03:24:05.094862+00:00", "type": "issue", "id": 38}